<?xml version="1.0" encoding="UTF-8"?>
<testsuite name="com.example.projetIWA.User.UserIntegrationTest" tests="1" skipped="0" failures="0" errors="0" timestamp="2020-11-26T09:20:10" hostname="MSI" time="0.027">
  <properties/>
  <testcase name="GET /userAccount - Found" classname="com.example.projetIWA.User.UserIntegrationTest" time="0.027"/>
  <system-out><![CDATA[2020-11-26 10:19:29.056  INFO 11828 --- [    Test worker] .b.t.c.SpringBootTestContextBootstrapper : Neither @ContextConfiguration nor @ContextHierarchy found for test class [com.example.projetIWA.User.UserIntegrationTest], using SpringBootContextLoader
2020-11-26 10:19:29.057  INFO 11828 --- [    Test worker] o.s.t.c.support.AbstractContextLoader    : Could not detect default resource locations for test class [com.example.projetIWA.User.UserIntegrationTest]: no resource found for suffixes {-context.xml, Context.groovy}.
2020-11-26 10:19:29.057  INFO 11828 --- [    Test worker] t.c.s.AnnotationConfigContextLoaderUtils : Could not detect default configuration classes for test class [com.example.projetIWA.User.UserIntegrationTest]: UserIntegrationTest does not declare any static, non-private, non-final, nested classes annotated with @Configuration.
2020-11-26 10:19:29.059  INFO 11828 --- [    Test worker] .b.t.c.SpringBootTestContextBootstrapper : Found @SpringBootConfiguration com.example.projetIWA.ProjetIwaApplication for test class com.example.projetIWA.User.UserIntegrationTest
2020-11-26 10:19:29.060  INFO 11828 --- [    Test worker] .b.t.c.SpringBootTestContextBootstrapper : Loaded default TestExecutionListener class names from location [META-INF/spring.factories]: [org.springframework.security.test.context.support.WithSecurityContextTestExecutionListener, org.springframework.security.test.context.support.ReactorContextTestExecutionListener, org.springframework.boot.test.autoconfigure.restdocs.RestDocsTestExecutionListener, org.springframework.boot.test.autoconfigure.web.client.MockRestServiceServerResetTestExecutionListener, org.springframework.boot.test.autoconfigure.web.servlet.MockMvcPrintOnlyOnFailureTestExecutionListener, org.springframework.boot.test.autoconfigure.web.servlet.WebDriverTestExecutionListener, org.springframework.boot.test.autoconfigure.webservices.client.MockWebServiceServerTestExecutionListener, org.springframework.boot.test.mock.mockito.MockitoTestExecutionListener, org.springframework.boot.test.mock.mockito.ResetMocksTestExecutionListener, org.springframework.test.context.web.ServletTestExecutionListener, org.springframework.test.context.support.DirtiesContextBeforeModesTestExecutionListener, org.springframework.test.context.support.DependencyInjectionTestExecutionListener, org.springframework.test.context.support.DirtiesContextTestExecutionListener, org.springframework.test.context.transaction.TransactionalTestExecutionListener, org.springframework.test.context.jdbc.SqlScriptsTestExecutionListener, org.springframework.test.context.event.EventPublishingTestExecutionListener]
2020-11-26 10:19:29.060  INFO 11828 --- [    Test worker] .b.t.c.SpringBootTestContextBootstrapper : Using TestExecutionListeners: [org.springframework.test.context.web.ServletTestExecutionListener@125fda4c, org.springframework.test.context.support.DirtiesContextBeforeModesTestExecutionListener@656aabc6, org.springframework.boot.test.mock.mockito.MockitoTestExecutionListener@2bb0baae, org.springframework.boot.test.autoconfigure.SpringBootDependencyInjectionTestExecutionListener@6858c845, org.springframework.test.context.support.DirtiesContextTestExecutionListener@439e2b8, org.springframework.test.context.transaction.TransactionalTestExecutionListener@343d4d62, org.springframework.test.context.jdbc.SqlScriptsTestExecutionListener@1a76e481, org.springframework.security.test.context.support.WithSecurityContextTestExecutionListener@34421d6a, org.springframework.test.context.event.EventPublishingTestExecutionListener@7fa51578, org.springframework.security.test.context.support.ReactorContextTestExecutionListener@212d01b3, org.springframework.boot.test.autoconfigure.restdocs.RestDocsTestExecutionListener@cd2bbfb, org.springframework.boot.test.autoconfigure.web.client.MockRestServiceServerResetTestExecutionListener@285f4e46, org.springframework.boot.test.autoconfigure.web.servlet.MockMvcPrintOnlyOnFailureTestExecutionListener@7f8680e0, org.springframework.boot.test.autoconfigure.web.servlet.WebDriverTestExecutionListener@36ef363a, org.springframework.boot.test.autoconfigure.webservices.client.MockWebServiceServerTestExecutionListener@2ffb5e7f, org.springframework.boot.test.mock.mockito.ResetMocksTestExecutionListener@7d8408b8]

  .   ____          _            __ _ _
 /\\ / ___'_ __ _ _(_)_ __  __ _ \ \ \ \
( ( )\___ | '_ | '_| | '_ \/ _` | \ \ \ \
 \\/  ___)| |_)| | | | | || (_| |  ) ) ) )
  '  |____| .__|_| |_|_| |_\__, | / / / /
 =========|_|==============|___/=/_/_/_/
 :: Spring Boot ::        (v2.3.4.RELEASE)

2020-11-26 10:19:29.096  INFO 11828 --- [    Test worker] c.e.projetIWA.User.UserIntegrationTest   : Starting UserIntegrationTest on MSI with PID 11828 (started by Utilisateur in C:\Users\Utilisateur\Documents\IG5\IWA\PROJET\ProjetIWA)
2020-11-26 10:19:29.096  INFO 11828 --- [    Test worker] c.e.projetIWA.User.UserIntegrationTest   : The following profiles are active: test
2020-11-26 10:19:29.262  INFO 11828 --- [    Test worker] .s.d.r.c.RepositoryConfigurationDelegate : Bootstrapping Spring Data JPA repositories in DEFERRED mode.
2020-11-26 10:19:29.282  INFO 11828 --- [    Test worker] .s.d.r.c.RepositoryConfigurationDelegate : Finished Spring Data repository scanning in 19ms. Found 4 JPA repository interfaces.
2020-11-26 10:19:29.370  WARN 11828 --- [ntainer#0-0-C-1] org.apache.kafka.clients.NetworkClient   : [Consumer clientId=consumer-group-id-2, groupId=group-id] Connection to node -1 (MSI/192.168.1.17:9092) could not be established. Broker may not be available.
2020-11-26 10:19:29.370  WARN 11828 --- [ntainer#0-0-C-1] org.apache.kafka.clients.NetworkClient   : [Consumer clientId=consumer-group-id-2, groupId=group-id] Bootstrap broker MSI:9092 (id: -1 rack: null) disconnected
2020-11-26 10:19:29.371  INFO 11828 --- [    Test worker] com.zaxxer.hikari.HikariDataSource       : HikariPool-5 - Starting...
2020-11-26 10:19:29.371  INFO 11828 --- [    Test worker] com.zaxxer.hikari.HikariDataSource       : HikariPool-5 - Start completed.
2020-11-26 10:19:29.416  INFO 11828 --- [    Test worker] o.s.s.concurrent.ThreadPoolTaskExecutor  : Initializing ExecutorService 'applicationTaskExecutor'
2020-11-26 10:19:29.433  INFO 11828 --- [         task-1] o.hibernate.jpa.internal.util.LogHelper  : HHH000204: Processing PersistenceUnitInfo [name: default]
2020-11-26 10:19:29.434  WARN 11828 --- [ntainer#0-0-C-1] org.apache.kafka.clients.NetworkClient   : [Consumer clientId=consumer-group-id-4, groupId=group-id] Connection to node -1 (MSI/192.168.1.17:9092) could not be established. Broker may not be available.
2020-11-26 10:19:29.434  WARN 11828 --- [ntainer#0-0-C-1] org.apache.kafka.clients.NetworkClient   : [Consumer clientId=consumer-group-id-4, groupId=group-id] Bootstrap broker MSI:9092 (id: -1 rack: null) disconnected
2020-11-26 10:19:29.439  INFO 11828 --- [         task-1] org.hibernate.dialect.Dialect            : HHH000400: Using dialect: org.hibernate.dialect.PostgreSQLDialect
2020-11-26 10:19:29.442 ERROR 11828 --- [         task-1] o.h.e.j.e.internal.JdbcEnvironmentImpl   : Could not fetch the SequenceInformation from the database

org.h2.jdbc.JdbcSQLSyntaxErrorException: Colonne "start_value" non trouvée
Column "start_value" not found [42122-200]
	at org.h2.message.DbException.getJdbcSQLException(DbException.java:453) ~[h2-1.4.200.jar:1.4.200]
	at org.h2.message.DbException.getJdbcSQLException(DbException.java:429) ~[h2-1.4.200.jar:1.4.200]
	at org.h2.message.DbException.get(DbException.java:205) ~[h2-1.4.200.jar:1.4.200]
	at org.h2.message.DbException.get(DbException.java:181) ~[h2-1.4.200.jar:1.4.200]
	at org.h2.jdbc.JdbcResultSet.getColumnIndex(JdbcResultSet.java:3169) ~[h2-1.4.200.jar:1.4.200]
	at org.h2.jdbc.JdbcResultSet.get(JdbcResultSet.java:3268) ~[h2-1.4.200.jar:1.4.200]
	at org.h2.jdbc.JdbcResultSet.getLong(JdbcResultSet.java:680) ~[h2-1.4.200.jar:1.4.200]
	at com.zaxxer.hikari.pool.HikariProxyResultSet.getLong(HikariProxyResultSet.java) ~[HikariCP-3.4.5.jar:na]
	at org.hibernate.tool.schema.extract.internal.SequenceInformationExtractorLegacyImpl.resultSetStartValueSize(SequenceInformationExtractorLegacyImpl.java:129) ~[hibernate-core-5.4.21.Final.jar:5.4.21.Final]
	at org.hibernate.tool.schema.extract.internal.SequenceInformationExtractorLegacyImpl.extractMetadata(SequenceInformationExtractorLegacyImpl.java:59) ~[hibernate-core-5.4.21.Final.jar:5.4.21.Final]
	at org.hibernate.engine.jdbc.env.internal.JdbcEnvironmentImpl.sequenceInformationList(JdbcEnvironmentImpl.java:403) [hibernate-core-5.4.21.Final.jar:5.4.21.Final]
	at org.hibernate.engine.jdbc.env.internal.JdbcEnvironmentImpl.<init>(JdbcEnvironmentImpl.java:268) [hibernate-core-5.4.21.Final.jar:5.4.21.Final]
	at org.hibernate.engine.jdbc.env.internal.JdbcEnvironmentInitiator.initiateService(JdbcEnvironmentInitiator.java:114) [hibernate-core-5.4.21.Final.jar:5.4.21.Final]
	at org.hibernate.engine.jdbc.env.internal.JdbcEnvironmentInitiator.initiateService(JdbcEnvironmentInitiator.java:35) [hibernate-core-5.4.21.Final.jar:5.4.21.Final]
	at org.hibernate.boot.registry.internal.StandardServiceRegistryImpl.initiateService(StandardServiceRegistryImpl.java:101) [hibernate-core-5.4.21.Final.jar:5.4.21.Final]
	at org.hibernate.service.internal.AbstractServiceRegistryImpl.createService(AbstractServiceRegistryImpl.java:263) [hibernate-core-5.4.21.Final.jar:5.4.21.Final]
	at org.hibernate.service.internal.AbstractServiceRegistryImpl.initializeService(AbstractServiceRegistryImpl.java:237) [hibernate-core-5.4.21.Final.jar:5.4.21.Final]
	at org.hibernate.service.internal.AbstractServiceRegistryImpl.getService(AbstractServiceRegistryImpl.java:214) [hibernate-core-5.4.21.Final.jar:5.4.21.Final]
	at org.hibernate.id.factory.internal.DefaultIdentifierGeneratorFactory.injectServices(DefaultIdentifierGeneratorFactory.java:152) [hibernate-core-5.4.21.Final.jar:5.4.21.Final]
	at org.hibernate.service.internal.AbstractServiceRegistryImpl.injectDependencies(AbstractServiceRegistryImpl.java:286) [hibernate-core-5.4.21.Final.jar:5.4.21.Final]
	at org.hibernate.service.internal.AbstractServiceRegistryImpl.initializeService(AbstractServiceRegistryImpl.java:243) [hibernate-core-5.4.21.Final.jar:5.4.21.Final]
	at org.hibernate.service.internal.AbstractServiceRegistryImpl.getService(AbstractServiceRegistryImpl.java:214) [hibernate-core-5.4.21.Final.jar:5.4.21.Final]
	at org.hibernate.boot.internal.InFlightMetadataCollectorImpl.<init>(InFlightMetadataCollectorImpl.java:176) [hibernate-core-5.4.21.Final.jar:5.4.21.Final]
	at org.hibernate.boot.model.process.spi.MetadataBuildingProcess.complete(MetadataBuildingProcess.java:118) [hibernate-core-5.4.21.Final.jar:5.4.21.Final]
	at org.hibernate.jpa.boot.internal.EntityManagerFactoryBuilderImpl.metadata(EntityManagerFactoryBuilderImpl.java:1224) [hibernate-core-5.4.21.Final.jar:5.4.21.Final]
	at org.hibernate.jpa.boot.internal.EntityManagerFactoryBuilderImpl.build(EntityManagerFactoryBuilderImpl.java:1255) [hibernate-core-5.4.21.Final.jar:5.4.21.Final]
	at org.springframework.orm.jpa.vendor.SpringHibernateJpaPersistenceProvider.createContainerEntityManagerFactory(SpringHibernateJpaPersistenceProvider.java:58) [spring-orm-5.2.9.RELEASE.jar:5.2.9.RELEASE]
	at org.springframework.orm.jpa.LocalContainerEntityManagerFactoryBean.createNativeEntityManagerFactory(LocalContainerEntityManagerFactoryBean.java:365) [spring-orm-5.2.9.RELEASE.jar:5.2.9.RELEASE]
	at org.springframework.orm.jpa.AbstractEntityManagerFactoryBean.buildNativeEntityManagerFactory(AbstractEntityManagerFactoryBean.java:391) [spring-orm-5.2.9.RELEASE.jar:5.2.9.RELEASE]
	at java.util.concurrent.FutureTask.run(FutureTask.java:266) ~[na:1.8.0_272]
	at java.util.concurrent.ThreadPoolExecutor.runWorker(ThreadPoolExecutor.java:1149) ~[na:1.8.0_272]
	at java.util.concurrent.ThreadPoolExecutor$Worker.run(ThreadPoolExecutor.java:624) ~[na:1.8.0_272]
	at java.lang.Thread.run(Thread.java:748) ~[na:1.8.0_272]

2020-11-26 10:19:29.474  INFO 11828 --- [         task-1] o.h.e.t.j.p.i.JtaPlatformInitiator       : HHH000490: Using JtaPlatform implementation: [org.hibernate.engine.transaction.jta.platform.internal.NoJtaPlatform]
2020-11-26 10:19:29.474  INFO 11828 --- [         task-1] j.LocalContainerEntityManagerFactoryBean : Initialized JPA EntityManagerFactory for persistence unit 'default'
2020-11-26 10:19:29.479  WARN 11828 --- [    Test worker] JpaBaseConfiguration$JpaWebConfiguration : spring.jpa.open-in-view is enabled by default. Therefore, database queries may be performed during view rendering. Explicitly configure spring.jpa.open-in-view to disable this warning
2020-11-26 10:19:29.674  INFO 11828 --- [    Test worker] o.s.s.web.DefaultSecurityFilterChain     : Creating filter chain: any request, [org.springframework.security.web.context.request.async.WebAsyncManagerIntegrationFilter@22a254db, org.springframework.security.web.context.SecurityContextPersistenceFilter@4032fd0c, org.springframework.security.web.header.HeaderWriterFilter@7f526967, org.springframework.security.web.csrf.CsrfFilter@35ec9446, org.keycloak.adapters.springsecurity.filter.KeycloakPreAuthActionsFilter@7794585d, org.springframework.security.web.authentication.logout.LogoutFilter@3204f7b5, org.keycloak.adapters.springsecurity.filter.KeycloakAuthenticationProcessingFilter@78802ea6, org.springframework.security.web.savedrequest.RequestCacheAwareFilter@7086a72b, org.springframework.security.web.servletapi.SecurityContextHolderAwareRequestFilter@1c73f10d, org.keycloak.adapters.springsecurity.filter.KeycloakSecurityContextRequestFilter@71450e1c, org.keycloak.adapters.springsecurity.filter.KeycloakAuthenticatedActionsFilter@400f45c1, org.springframework.security.web.authentication.AnonymousAuthenticationFilter@57022720, org.springframework.security.web.session.SessionManagementFilter@11ad05db, org.springframework.security.web.access.ExceptionTranslationFilter@f77ee77, org.springframework.security.web.access.intercept.FilterSecurityInterceptor@4adf7e91]
2020-11-26 10:19:29.839  INFO 11828 --- [    Test worker] o.s.b.a.w.s.WelcomePageHandlerMapping    : Adding welcome page template: index
2020-11-26 10:19:30.059  INFO 11828 --- [    Test worker] o.s.b.t.m.w.SpringBootMockServletContext : Initializing Spring TestDispatcherServlet ''
2020-11-26 10:19:30.059  INFO 11828 --- [    Test worker] o.s.t.web.servlet.TestDispatcherServlet  : Initializing Servlet ''
2020-11-26 10:19:30.066  INFO 11828 --- [    Test worker] o.s.t.web.servlet.TestDispatcherServlet  : Completed initialization in 7 ms
2020-11-26 10:19:30.073  INFO 11828 --- [    Test worker] o.a.k.clients.admin.AdminClientConfig    : AdminClientConfig values: 
	bootstrap.servers = [MSI:9092]
	client.dns.lookup = default
	client.id = 
	connections.max.idle.ms = 300000
	default.api.timeout.ms = 60000
	metadata.max.age.ms = 300000
	metric.reporters = []
	metrics.num.samples = 2
	metrics.recording.level = INFO
	metrics.sample.window.ms = 30000
	receive.buffer.bytes = 65536
	reconnect.backoff.max.ms = 1000
	reconnect.backoff.ms = 50
	request.timeout.ms = 30000
	retries = 2147483647
	retry.backoff.ms = 100
	sasl.client.callback.handler.class = null
	sasl.jaas.config = null
	sasl.kerberos.kinit.cmd = /usr/bin/kinit
	sasl.kerberos.min.time.before.relogin = 60000
	sasl.kerberos.service.name = null
	sasl.kerberos.ticket.renew.jitter = 0.05
	sasl.kerberos.ticket.renew.window.factor = 0.8
	sasl.login.callback.handler.class = null
	sasl.login.class = null
	sasl.login.refresh.buffer.seconds = 300
	sasl.login.refresh.min.period.seconds = 60
	sasl.login.refresh.window.factor = 0.8
	sasl.login.refresh.window.jitter = 0.05
	sasl.mechanism = GSSAPI
	security.protocol = PLAINTEXT
	security.providers = null
	send.buffer.bytes = 131072
	ssl.cipher.suites = null
	ssl.enabled.protocols = [TLSv1.2]
	ssl.endpoint.identification.algorithm = https
	ssl.key.password = null
	ssl.keymanager.algorithm = SunX509
	ssl.keystore.location = null
	ssl.keystore.password = null
	ssl.keystore.type = JKS
	ssl.protocol = TLSv1.2
	ssl.provider = null
	ssl.secure.random.implementation = null
	ssl.trustmanager.algorithm = PKIX
	ssl.truststore.location = null
	ssl.truststore.password = null
	ssl.truststore.type = JKS

2020-11-26 10:19:30.074  INFO 11828 --- [    Test worker] o.a.kafka.common.utils.AppInfoParser     : Kafka version: 2.5.1
2020-11-26 10:19:30.074  INFO 11828 --- [    Test worker] o.a.kafka.common.utils.AppInfoParser     : Kafka commitId: 0efa8fb0f4c73d92
2020-11-26 10:19:30.074  INFO 11828 --- [    Test worker] o.a.kafka.common.utils.AppInfoParser     : Kafka startTimeMs: 1606382370074
2020-11-26 10:19:30.677  WARN 11828 --- [ntainer#0-0-C-1] org.apache.kafka.clients.NetworkClient   : [Consumer clientId=consumer-group-id-1, groupId=group-id] Connection to node -1 (MSI/192.168.1.17:9092) could not be established. Broker may not be available.
2020-11-26 10:19:30.677  WARN 11828 --- [ntainer#0-0-C-1] org.apache.kafka.clients.NetworkClient   : [Consumer clientId=consumer-group-id-1, groupId=group-id] Bootstrap broker MSI:9092 (id: -1 rack: null) disconnected
2020-11-26 10:19:30.991  WARN 11828 --- [ntainer#0-0-C-1] org.apache.kafka.clients.NetworkClient   : [Consumer clientId=consumer-group-id-3, groupId=group-id] Connection to node -1 (MSI/192.168.1.17:9092) could not be established. Broker may not be available.
2020-11-26 10:19:30.991  WARN 11828 --- [ntainer#0-0-C-1] org.apache.kafka.clients.NetworkClient   : [Consumer clientId=consumer-group-id-3, groupId=group-id] Bootstrap broker MSI:9092 (id: -1 rack: null) disconnected
2020-11-26 10:19:31.569  WARN 11828 --- [ntainer#0-0-C-1] org.apache.kafka.clients.NetworkClient   : [Consumer clientId=consumer-group-id-4, groupId=group-id] Connection to node -1 (MSI/192.168.1.17:9092) could not be established. Broker may not be available.
2020-11-26 10:19:31.569  WARN 11828 --- [ntainer#0-0-C-1] org.apache.kafka.clients.NetworkClient   : [Consumer clientId=consumer-group-id-4, groupId=group-id] Bootstrap broker MSI:9092 (id: -1 rack: null) disconnected
2020-11-26 10:19:32.097  WARN 11828 --- [| adminclient-5] org.apache.kafka.clients.NetworkClient   : [AdminClient clientId=adminclient-5] Connection to node -1 (MSI/192.168.1.17:9092) could not be established. Broker may not be available.
2020-11-26 10:19:32.531  WARN 11828 --- [ntainer#0-0-C-1] org.apache.kafka.clients.NetworkClient   : [Consumer clientId=consumer-group-id-2, groupId=group-id] Connection to node -1 (MSI/192.168.1.17:9092) could not be established. Broker may not be available.
2020-11-26 10:19:32.532  WARN 11828 --- [ntainer#0-0-C-1] org.apache.kafka.clients.NetworkClient   : [Consumer clientId=consumer-group-id-2, groupId=group-id] Bootstrap broker MSI:9092 (id: -1 rack: null) disconnected
2020-11-26 10:19:33.730  WARN 11828 --- [ntainer#0-0-C-1] org.apache.kafka.clients.NetworkClient   : [Consumer clientId=consumer-group-id-4, groupId=group-id] Connection to node -1 (MSI/192.168.1.17:9092) could not be established. Broker may not be available.
2020-11-26 10:19:33.730  WARN 11828 --- [ntainer#0-0-C-1] org.apache.kafka.clients.NetworkClient   : [Consumer clientId=consumer-group-id-4, groupId=group-id] Bootstrap broker MSI:9092 (id: -1 rack: null) disconnected
2020-11-26 10:19:33.762  WARN 11828 --- [ntainer#0-0-C-1] org.apache.kafka.clients.NetworkClient   : [Consumer clientId=consumer-group-id-1, groupId=group-id] Connection to node -1 (MSI/192.168.1.17:9092) could not be established. Broker may not be available.
2020-11-26 10:19:33.763  WARN 11828 --- [ntainer#0-0-C-1] org.apache.kafka.clients.NetworkClient   : [Consumer clientId=consumer-group-id-1, groupId=group-id] Bootstrap broker MSI:9092 (id: -1 rack: null) disconnected
2020-11-26 10:19:34.133  WARN 11828 --- [ntainer#0-0-C-1] org.apache.kafka.clients.NetworkClient   : [Consumer clientId=consumer-group-id-3, groupId=group-id] Connection to node -1 (MSI/192.168.1.17:9092) could not be established. Broker may not be available.
2020-11-26 10:19:34.133  WARN 11828 --- [ntainer#0-0-C-1] org.apache.kafka.clients.NetworkClient   : [Consumer clientId=consumer-group-id-3, groupId=group-id] Bootstrap broker MSI:9092 (id: -1 rack: null) disconnected
2020-11-26 10:19:34.241  WARN 11828 --- [| adminclient-5] org.apache.kafka.clients.NetworkClient   : [AdminClient clientId=adminclient-5] Connection to node -1 (MSI/192.168.1.17:9092) could not be established. Broker may not be available.
2020-11-26 10:19:35.682  WARN 11828 --- [ntainer#0-0-C-1] org.apache.kafka.clients.NetworkClient   : [Consumer clientId=consumer-group-id-2, groupId=group-id] Connection to node -1 (MSI/192.168.1.17:9092) could not be established. Broker may not be available.
2020-11-26 10:19:35.683  WARN 11828 --- [ntainer#0-0-C-1] org.apache.kafka.clients.NetworkClient   : [Consumer clientId=consumer-group-id-2, groupId=group-id] Bootstrap broker MSI:9092 (id: -1 rack: null) disconnected
2020-11-26 10:19:35.947  WARN 11828 --- [ntainer#0-0-C-1] org.apache.kafka.clients.NetworkClient   : [Consumer clientId=consumer-group-id-4, groupId=group-id] Connection to node -1 (MSI/192.168.1.17:9092) could not be established. Broker may not be available.
2020-11-26 10:19:35.947  WARN 11828 --- [ntainer#0-0-C-1] org.apache.kafka.clients.NetworkClient   : [Consumer clientId=consumer-group-id-4, groupId=group-id] Bootstrap broker MSI:9092 (id: -1 rack: null) disconnected
2020-11-26 10:19:36.503  WARN 11828 --- [| adminclient-5] org.apache.kafka.clients.NetworkClient   : [AdminClient clientId=adminclient-5] Connection to node -1 (MSI/192.168.1.17:9092) could not be established. Broker may not be available.
2020-11-26 10:19:36.783  WARN 11828 --- [ntainer#0-0-C-1] org.apache.kafka.clients.NetworkClient   : [Consumer clientId=consumer-group-id-1, groupId=group-id] Connection to node -1 (MSI/192.168.1.17:9092) could not be established. Broker may not be available.
2020-11-26 10:19:36.784  WARN 11828 --- [ntainer#0-0-C-1] org.apache.kafka.clients.NetworkClient   : [Consumer clientId=consumer-group-id-1, groupId=group-id] Bootstrap broker MSI:9092 (id: -1 rack: null) disconnected
2020-11-26 10:19:37.219  WARN 11828 --- [ntainer#0-0-C-1] org.apache.kafka.clients.NetworkClient   : [Consumer clientId=consumer-group-id-3, groupId=group-id] Connection to node -1 (MSI/192.168.1.17:9092) could not be established. Broker may not be available.
2020-11-26 10:19:37.219  WARN 11828 --- [ntainer#0-0-C-1] org.apache.kafka.clients.NetworkClient   : [Consumer clientId=consumer-group-id-3, groupId=group-id] Bootstrap broker MSI:9092 (id: -1 rack: null) disconnected
2020-11-26 10:19:38.418  WARN 11828 --- [ntainer#0-0-C-1] org.apache.kafka.clients.NetworkClient   : [Consumer clientId=consumer-group-id-4, groupId=group-id] Connection to node -1 (MSI/192.168.1.17:9092) could not be established. Broker may not be available.
2020-11-26 10:19:38.418  WARN 11828 --- [ntainer#0-0-C-1] org.apache.kafka.clients.NetworkClient   : [Consumer clientId=consumer-group-id-4, groupId=group-id] Bootstrap broker MSI:9092 (id: -1 rack: null) disconnected
2020-11-26 10:19:38.591  WARN 11828 --- [ntainer#0-0-C-1] org.apache.kafka.clients.NetworkClient   : [Consumer clientId=consumer-group-id-2, groupId=group-id] Connection to node -1 (MSI/192.168.1.17:9092) could not be established. Broker may not be available.
2020-11-26 10:19:38.591  WARN 11828 --- [ntainer#0-0-C-1] org.apache.kafka.clients.NetworkClient   : [Consumer clientId=consumer-group-id-2, groupId=group-id] Bootstrap broker MSI:9092 (id: -1 rack: null) disconnected
2020-11-26 10:19:38.748  WARN 11828 --- [| adminclient-5] org.apache.kafka.clients.NetworkClient   : [AdminClient clientId=adminclient-5] Connection to node -1 (MSI/192.168.1.17:9092) could not be established. Broker may not be available.
2020-11-26 10:19:39.884  WARN 11828 --- [ntainer#0-0-C-1] org.apache.kafka.clients.NetworkClient   : [Consumer clientId=consumer-group-id-1, groupId=group-id] Connection to node -1 (MSI/192.168.1.17:9092) could not be established. Broker may not be available.
2020-11-26 10:19:39.884  WARN 11828 --- [ntainer#0-0-C-1] org.apache.kafka.clients.NetworkClient   : [Consumer clientId=consumer-group-id-1, groupId=group-id] Bootstrap broker MSI:9092 (id: -1 rack: null) disconnected
2020-11-26 10:19:40.382  WARN 11828 --- [ntainer#0-0-C-1] org.apache.kafka.clients.NetworkClient   : [Consumer clientId=consumer-group-id-3, groupId=group-id] Connection to node -1 (MSI/192.168.1.17:9092) could not be established. Broker may not be available.
2020-11-26 10:19:40.383  WARN 11828 --- [ntainer#0-0-C-1] org.apache.kafka.clients.NetworkClient   : [Consumer clientId=consumer-group-id-3, groupId=group-id] Bootstrap broker MSI:9092 (id: -1 rack: null) disconnected
2020-11-26 10:19:41.239  WARN 11828 --- [| adminclient-5] org.apache.kafka.clients.NetworkClient   : [AdminClient clientId=adminclient-5] Connection to node -1 (MSI/192.168.1.17:9092) could not be established. Broker may not be available.
2020-11-26 10:19:41.395  WARN 11828 --- [ntainer#0-0-C-1] org.apache.kafka.clients.NetworkClient   : [Consumer clientId=consumer-group-id-4, groupId=group-id] Connection to node -1 (MSI/192.168.1.17:9092) could not be established. Broker may not be available.
2020-11-26 10:19:41.395  WARN 11828 --- [ntainer#0-0-C-1] org.apache.kafka.clients.NetworkClient   : [Consumer clientId=consumer-group-id-4, groupId=group-id] Bootstrap broker MSI:9092 (id: -1 rack: null) disconnected
2020-11-26 10:19:41.768  WARN 11828 --- [ntainer#0-0-C-1] org.apache.kafka.clients.NetworkClient   : [Consumer clientId=consumer-group-id-2, groupId=group-id] Connection to node -1 (MSI/192.168.1.17:9092) could not be established. Broker may not be available.
2020-11-26 10:19:41.769  WARN 11828 --- [ntainer#0-0-C-1] org.apache.kafka.clients.NetworkClient   : [Consumer clientId=consumer-group-id-2, groupId=group-id] Bootstrap broker MSI:9092 (id: -1 rack: null) disconnected
2020-11-26 10:19:43.169  WARN 11828 --- [ntainer#0-0-C-1] org.apache.kafka.clients.NetworkClient   : [Consumer clientId=consumer-group-id-1, groupId=group-id] Connection to node -1 (MSI/192.168.1.17:9092) could not be established. Broker may not be available.
2020-11-26 10:19:43.169  WARN 11828 --- [ntainer#0-0-C-1] org.apache.kafka.clients.NetworkClient   : [Consumer clientId=consumer-group-id-1, groupId=group-id] Bootstrap broker MSI:9092 (id: -1 rack: null) disconnected
2020-11-26 10:19:43.468  WARN 11828 --- [ntainer#0-0-C-1] org.apache.kafka.clients.NetworkClient   : [Consumer clientId=consumer-group-id-3, groupId=group-id] Connection to node -1 (MSI/192.168.1.17:9092) could not be established. Broker may not be available.
2020-11-26 10:19:43.468  WARN 11828 --- [ntainer#0-0-C-1] org.apache.kafka.clients.NetworkClient   : [Consumer clientId=consumer-group-id-3, groupId=group-id] Bootstrap broker MSI:9092 (id: -1 rack: null) disconnected
2020-11-26 10:19:44.033  WARN 11828 --- [| adminclient-5] org.apache.kafka.clients.NetworkClient   : [AdminClient clientId=adminclient-5] Connection to node -1 (MSI/192.168.1.17:9092) could not be established. Broker may not be available.
2020-11-26 10:19:44.408  WARN 11828 --- [ntainer#0-0-C-1] org.apache.kafka.clients.NetworkClient   : [Consumer clientId=consumer-group-id-4, groupId=group-id] Connection to node -1 (MSI/192.168.1.17:9092) could not be established. Broker may not be available.
2020-11-26 10:19:44.409  WARN 11828 --- [ntainer#0-0-C-1] org.apache.kafka.clients.NetworkClient   : [Consumer clientId=consumer-group-id-4, groupId=group-id] Bootstrap broker MSI:9092 (id: -1 rack: null) disconnected
2020-11-26 10:19:44.657  WARN 11828 --- [ntainer#0-0-C-1] org.apache.kafka.clients.NetworkClient   : [Consumer clientId=consumer-group-id-2, groupId=group-id] Connection to node -1 (MSI/192.168.1.17:9092) could not be established. Broker may not be available.
2020-11-26 10:19:44.657  WARN 11828 --- [ntainer#0-0-C-1] org.apache.kafka.clients.NetworkClient   : [Consumer clientId=consumer-group-id-2, groupId=group-id] Bootstrap broker MSI:9092 (id: -1 rack: null) disconnected
2020-11-26 10:19:46.079  WARN 11828 --- [ntainer#0-0-C-1] org.apache.kafka.clients.NetworkClient   : [Consumer clientId=consumer-group-id-1, groupId=group-id] Connection to node -1 (MSI/192.168.1.17:9092) could not be established. Broker may not be available.
2020-11-26 10:19:46.080  WARN 11828 --- [ntainer#0-0-C-1] org.apache.kafka.clients.NetworkClient   : [Consumer clientId=consumer-group-id-1, groupId=group-id] Bootstrap broker MSI:9092 (id: -1 rack: null) disconnected
2020-11-26 10:19:46.686  WARN 11828 --- [ntainer#0-0-C-1] org.apache.kafka.clients.NetworkClient   : [Consumer clientId=consumer-group-id-3, groupId=group-id] Connection to node -1 (MSI/192.168.1.17:9092) could not be established. Broker may not be available.
2020-11-26 10:19:46.686  WARN 11828 --- [ntainer#0-0-C-1] org.apache.kafka.clients.NetworkClient   : [Consumer clientId=consumer-group-id-3, groupId=group-id] Bootstrap broker MSI:9092 (id: -1 rack: null) disconnected
2020-11-26 10:19:47.279  WARN 11828 --- [| adminclient-5] org.apache.kafka.clients.NetworkClient   : [AdminClient clientId=adminclient-5] Connection to node -1 (MSI/192.168.1.17:9092) could not be established. Broker may not be available.
2020-11-26 10:19:47.372  WARN 11828 --- [ntainer#0-0-C-1] org.apache.kafka.clients.NetworkClient   : [Consumer clientId=consumer-group-id-4, groupId=group-id] Connection to node -1 (MSI/192.168.1.17:9092) could not be established. Broker may not be available.
2020-11-26 10:19:47.372  WARN 11828 --- [ntainer#0-0-C-1] org.apache.kafka.clients.NetworkClient   : [Consumer clientId=consumer-group-id-4, groupId=group-id] Bootstrap broker MSI:9092 (id: -1 rack: null) disconnected
2020-11-26 10:19:47.603  WARN 11828 --- [ntainer#0-0-C-1] org.apache.kafka.clients.NetworkClient   : [Consumer clientId=consumer-group-id-2, groupId=group-id] Connection to node -1 (MSI/192.168.1.17:9092) could not be established. Broker may not be available.
2020-11-26 10:19:47.603  WARN 11828 --- [ntainer#0-0-C-1] org.apache.kafka.clients.NetworkClient   : [Consumer clientId=consumer-group-id-2, groupId=group-id] Bootstrap broker MSI:9092 (id: -1 rack: null) disconnected
2020-11-26 10:19:48.962  WARN 11828 --- [ntainer#0-0-C-1] org.apache.kafka.clients.NetworkClient   : [Consumer clientId=consumer-group-id-1, groupId=group-id] Connection to node -1 (MSI/192.168.1.17:9092) could not be established. Broker may not be available.
2020-11-26 10:19:48.962  WARN 11828 --- [ntainer#0-0-C-1] org.apache.kafka.clients.NetworkClient   : [Consumer clientId=consumer-group-id-1, groupId=group-id] Bootstrap broker MSI:9092 (id: -1 rack: null) disconnected
2020-11-26 10:19:49.851  WARN 11828 --- [ntainer#0-0-C-1] org.apache.kafka.clients.NetworkClient   : [Consumer clientId=consumer-group-id-3, groupId=group-id] Connection to node -1 (MSI/192.168.1.17:9092) could not be established. Broker may not be available.
2020-11-26 10:19:49.852  WARN 11828 --- [ntainer#0-0-C-1] org.apache.kafka.clients.NetworkClient   : [Consumer clientId=consumer-group-id-3, groupId=group-id] Bootstrap broker MSI:9092 (id: -1 rack: null) disconnected
2020-11-26 10:19:50.428  WARN 11828 --- [| adminclient-5] org.apache.kafka.clients.NetworkClient   : [AdminClient clientId=adminclient-5] Connection to node -1 (MSI/192.168.1.17:9092) could not be established. Broker may not be available.
2020-11-26 10:19:50.584  WARN 11828 --- [ntainer#0-0-C-1] org.apache.kafka.clients.NetworkClient   : [Consumer clientId=consumer-group-id-4, groupId=group-id] Connection to node -1 (MSI/192.168.1.17:9092) could not be established. Broker may not be available.
2020-11-26 10:19:50.584  WARN 11828 --- [ntainer#0-0-C-1] org.apache.kafka.clients.NetworkClient   : [Consumer clientId=consumer-group-id-4, groupId=group-id] Bootstrap broker MSI:9092 (id: -1 rack: null) disconnected
2020-11-26 10:19:50.895  WARN 11828 --- [ntainer#0-0-C-1] org.apache.kafka.clients.NetworkClient   : [Consumer clientId=consumer-group-id-2, groupId=group-id] Connection to node -1 (MSI/192.168.1.17:9092) could not be established. Broker may not be available.
2020-11-26 10:19:50.895  WARN 11828 --- [ntainer#0-0-C-1] org.apache.kafka.clients.NetworkClient   : [Consumer clientId=consumer-group-id-2, groupId=group-id] Bootstrap broker MSI:9092 (id: -1 rack: null) disconnected
2020-11-26 10:19:52.110  WARN 11828 --- [ntainer#0-0-C-1] org.apache.kafka.clients.NetworkClient   : [Consumer clientId=consumer-group-id-1, groupId=group-id] Connection to node -1 (MSI/192.168.1.17:9092) could not be established. Broker may not be available.
2020-11-26 10:19:52.110  WARN 11828 --- [ntainer#0-0-C-1] org.apache.kafka.clients.NetworkClient   : [Consumer clientId=consumer-group-id-1, groupId=group-id] Bootstrap broker MSI:9092 (id: -1 rack: null) disconnected
2020-11-26 10:19:52.888  WARN 11828 --- [ntainer#0-0-C-1] org.apache.kafka.clients.NetworkClient   : [Consumer clientId=consumer-group-id-3, groupId=group-id] Connection to node -1 (MSI/192.168.1.17:9092) could not be established. Broker may not be available.
2020-11-26 10:19:52.889  WARN 11828 --- [ntainer#0-0-C-1] org.apache.kafka.clients.NetworkClient   : [Consumer clientId=consumer-group-id-3, groupId=group-id] Bootstrap broker MSI:9092 (id: -1 rack: null) disconnected
2020-11-26 10:19:53.555  WARN 11828 --- [ntainer#0-0-C-1] org.apache.kafka.clients.NetworkClient   : [Consumer clientId=consumer-group-id-4, groupId=group-id] Connection to node -1 (MSI/192.168.1.17:9092) could not be established. Broker may not be available.
2020-11-26 10:19:53.556  WARN 11828 --- [ntainer#0-0-C-1] org.apache.kafka.clients.NetworkClient   : [Consumer clientId=consumer-group-id-4, groupId=group-id] Bootstrap broker MSI:9092 (id: -1 rack: null) disconnected
2020-11-26 10:19:53.679  WARN 11828 --- [| adminclient-5] org.apache.kafka.clients.NetworkClient   : [AdminClient clientId=adminclient-5] Connection to node -1 (MSI/192.168.1.17:9092) could not be established. Broker may not be available.
2020-11-26 10:19:54.176  WARN 11828 --- [ntainer#0-0-C-1] org.apache.kafka.clients.NetworkClient   : [Consumer clientId=consumer-group-id-2, groupId=group-id] Connection to node -1 (MSI/192.168.1.17:9092) could not be established. Broker may not be available.
2020-11-26 10:19:54.176  WARN 11828 --- [ntainer#0-0-C-1] org.apache.kafka.clients.NetworkClient   : [Consumer clientId=consumer-group-id-2, groupId=group-id] Bootstrap broker MSI:9092 (id: -1 rack: null) disconnected
2020-11-26 10:19:55.269  WARN 11828 --- [ntainer#0-0-C-1] org.apache.kafka.clients.NetworkClient   : [Consumer clientId=consumer-group-id-1, groupId=group-id] Connection to node -1 (MSI/192.168.1.17:9092) could not be established. Broker may not be available.
2020-11-26 10:19:55.270  WARN 11828 --- [ntainer#0-0-C-1] org.apache.kafka.clients.NetworkClient   : [Consumer clientId=consumer-group-id-1, groupId=group-id] Bootstrap broker MSI:9092 (id: -1 rack: null) disconnected
2020-11-26 10:19:56.026  WARN 11828 --- [ntainer#0-0-C-1] org.apache.kafka.clients.NetworkClient   : [Consumer clientId=consumer-group-id-3, groupId=group-id] Connection to node -1 (MSI/192.168.1.17:9092) could not be established. Broker may not be available.
2020-11-26 10:19:56.026  WARN 11828 --- [ntainer#0-0-C-1] org.apache.kafka.clients.NetworkClient   : [Consumer clientId=consumer-group-id-3, groupId=group-id] Bootstrap broker MSI:9092 (id: -1 rack: null) disconnected
2020-11-26 10:19:56.530  WARN 11828 --- [ntainer#0-0-C-1] org.apache.kafka.clients.NetworkClient   : [Consumer clientId=consumer-group-id-4, groupId=group-id] Connection to node -1 (MSI/192.168.1.17:9092) could not be established. Broker may not be available.
2020-11-26 10:19:56.530  WARN 11828 --- [ntainer#0-0-C-1] org.apache.kafka.clients.NetworkClient   : [Consumer clientId=consumer-group-id-4, groupId=group-id] Bootstrap broker MSI:9092 (id: -1 rack: null) disconnected
2020-11-26 10:19:56.909  WARN 11828 --- [| adminclient-5] org.apache.kafka.clients.NetworkClient   : [AdminClient clientId=adminclient-5] Connection to node -1 (MSI/192.168.1.17:9092) could not be established. Broker may not be available.
2020-11-26 10:19:57.259  WARN 11828 --- [ntainer#0-0-C-1] org.apache.kafka.clients.NetworkClient   : [Consumer clientId=consumer-group-id-2, groupId=group-id] Connection to node -1 (MSI/192.168.1.17:9092) could not be established. Broker may not be available.
2020-11-26 10:19:57.259  WARN 11828 --- [ntainer#0-0-C-1] org.apache.kafka.clients.NetworkClient   : [Consumer clientId=consumer-group-id-2, groupId=group-id] Bootstrap broker MSI:9092 (id: -1 rack: null) disconnected
2020-11-26 10:19:58.303  WARN 11828 --- [ntainer#0-0-C-1] org.apache.kafka.clients.NetworkClient   : [Consumer clientId=consumer-group-id-1, groupId=group-id] Connection to node -1 (MSI/192.168.1.17:9092) could not be established. Broker may not be available.
2020-11-26 10:19:58.303  WARN 11828 --- [ntainer#0-0-C-1] org.apache.kafka.clients.NetworkClient   : [Consumer clientId=consumer-group-id-1, groupId=group-id] Bootstrap broker MSI:9092 (id: -1 rack: null) disconnected
2020-11-26 10:19:59.185  WARN 11828 --- [ntainer#0-0-C-1] org.apache.kafka.clients.NetworkClient   : [Consumer clientId=consumer-group-id-3, groupId=group-id] Connection to node -1 (MSI/192.168.1.17:9092) could not be established. Broker may not be available.
2020-11-26 10:19:59.186  WARN 11828 --- [ntainer#0-0-C-1] org.apache.kafka.clients.NetworkClient   : [Consumer clientId=consumer-group-id-3, groupId=group-id] Bootstrap broker MSI:9092 (id: -1 rack: null) disconnected
2020-11-26 10:19:59.698  WARN 11828 --- [ntainer#0-0-C-1] org.apache.kafka.clients.NetworkClient   : [Consumer clientId=consumer-group-id-4, groupId=group-id] Connection to node -1 (MSI/192.168.1.17:9092) could not be established. Broker may not be available.
2020-11-26 10:19:59.698  WARN 11828 --- [ntainer#0-0-C-1] org.apache.kafka.clients.NetworkClient   : [Consumer clientId=consumer-group-id-4, groupId=group-id] Bootstrap broker MSI:9092 (id: -1 rack: null) disconnected
2020-11-26 10:20:00.089  INFO 11828 --- [| adminclient-5] o.a.k.c.a.i.AdminMetadataManager         : [AdminClient clientId=adminclient-5] Metadata update failed

org.apache.kafka.common.errors.TimeoutException: Call(callName=fetchMetadata, deadlineMs=1606382400075) timed out at 1606382400089 after 1 attempt(s)
Caused by: org.apache.kafka.common.errors.TimeoutException: Timed out waiting to send the call.

2020-11-26 10:20:00.099 ERROR 11828 --- [    Test worker] o.springframework.kafka.core.KafkaAdmin  : Could not configure topics

org.springframework.kafka.KafkaException: Timed out waiting to get existing topics; nested exception is java.util.concurrent.TimeoutException
	at org.springframework.kafka.core.KafkaAdmin.lambda$checkPartitions$4(KafkaAdmin.java:254) [spring-kafka-2.6.2.jar:2.6.2]
	at java.util.HashMap.forEach(HashMap.java:1289) ~[na:1.8.0_272]
	at org.springframework.kafka.core.KafkaAdmin.checkPartitions(KafkaAdmin.java:233) [spring-kafka-2.6.2.jar:2.6.2]
	at org.springframework.kafka.core.KafkaAdmin.addTopicsIfNeeded(KafkaAdmin.java:219) [spring-kafka-2.6.2.jar:2.6.2]
	at org.springframework.kafka.core.KafkaAdmin.initialize(KafkaAdmin.java:189) [spring-kafka-2.6.2.jar:2.6.2]
	at org.springframework.kafka.core.KafkaAdmin.afterSingletonsInstantiated(KafkaAdmin.java:157) [spring-kafka-2.6.2.jar:2.6.2]
	at org.springframework.beans.factory.support.DefaultListableBeanFactory.preInstantiateSingletons(DefaultListableBeanFactory.java:914) [spring-beans-5.2.9.RELEASE.jar:5.2.9.RELEASE]
	at org.springframework.context.support.AbstractApplicationContext.finishBeanFactoryInitialization(AbstractApplicationContext.java:879) [spring-context-5.2.9.RELEASE.jar:5.2.9.RELEASE]
	at org.springframework.context.support.AbstractApplicationContext.refresh(AbstractApplicationContext.java:551) [spring-context-5.2.9.RELEASE.jar:5.2.9.RELEASE]
	at org.springframework.boot.SpringApplication.refresh(SpringApplication.java:758) [spring-boot-2.3.4.RELEASE.jar:2.3.4.RELEASE]
	at org.springframework.boot.SpringApplication.refresh(SpringApplication.java:750) [spring-boot-2.3.4.RELEASE.jar:2.3.4.RELEASE]
	at org.springframework.boot.SpringApplication.refreshContext(SpringApplication.java:397) [spring-boot-2.3.4.RELEASE.jar:2.3.4.RELEASE]
	at org.springframework.boot.SpringApplication.run(SpringApplication.java:315) [spring-boot-2.3.4.RELEASE.jar:2.3.4.RELEASE]
	at org.springframework.boot.test.context.SpringBootContextLoader.loadContext(SpringBootContextLoader.java:120) [spring-boot-test-2.3.4.RELEASE.jar:2.3.4.RELEASE]
	at org.springframework.test.context.cache.DefaultCacheAwareContextLoaderDelegate.loadContextInternal(DefaultCacheAwareContextLoaderDelegate.java:99) [spring-test-5.2.9.RELEASE.jar:5.2.9.RELEASE]
	at org.springframework.test.context.cache.DefaultCacheAwareContextLoaderDelegate.loadContext(DefaultCacheAwareContextLoaderDelegate.java:124) [spring-test-5.2.9.RELEASE.jar:5.2.9.RELEASE]
	at org.springframework.test.context.support.DefaultTestContext.getApplicationContext(DefaultTestContext.java:123) [spring-test-5.2.9.RELEASE.jar:5.2.9.RELEASE]
	at org.springframework.test.context.web.ServletTestExecutionListener.setUpRequestContextIfNecessary(ServletTestExecutionListener.java:190) [spring-test-5.2.9.RELEASE.jar:5.2.9.RELEASE]
	at org.springframework.test.context.web.ServletTestExecutionListener.prepareTestInstance(ServletTestExecutionListener.java:132) [spring-test-5.2.9.RELEASE.jar:5.2.9.RELEASE]
	at org.springframework.test.context.TestContextManager.prepareTestInstance(TestContextManager.java:244) [spring-test-5.2.9.RELEASE.jar:5.2.9.RELEASE]
	at org.springframework.test.context.junit.jupiter.SpringExtension.postProcessTestInstance(SpringExtension.java:98) [spring-test-5.2.9.RELEASE.jar:5.2.9.RELEASE]
	at org.junit.jupiter.engine.descriptor.ClassBasedTestDescriptor.lambda$invokeTestInstancePostProcessors$5(ClassBasedTestDescriptor.java:341) [junit-jupiter-engine-5.6.2.jar:5.6.2]
	at org.junit.jupiter.engine.descriptor.ClassBasedTestDescriptor.executeAndMaskThrowable(ClassBasedTestDescriptor.java:346) [junit-jupiter-engine-5.6.2.jar:5.6.2]
	at org.junit.jupiter.engine.descriptor.ClassBasedTestDescriptor.lambda$invokeTestInstancePostProcessors$6(ClassBasedTestDescriptor.java:341) [junit-jupiter-engine-5.6.2.jar:5.6.2]
	at java.util.stream.ReferencePipeline$3$1.accept(ReferencePipeline.java:193) ~[na:1.8.0_272]
	at java.util.stream.ReferencePipeline$2$1.accept(ReferencePipeline.java:175) ~[na:1.8.0_272]
	at java.util.ArrayList$ArrayListSpliterator.forEachRemaining(ArrayList.java:1384) ~[na:1.8.0_272]
	at java.util.stream.AbstractPipeline.copyInto(AbstractPipeline.java:482) ~[na:1.8.0_272]
	at java.util.stream.AbstractPipeline.wrapAndCopyInto(AbstractPipeline.java:472) ~[na:1.8.0_272]
	at java.util.stream.StreamSpliterators$WrappingSpliterator.forEachRemaining(StreamSpliterators.java:313) ~[na:1.8.0_272]
	at java.util.stream.Streams$ConcatSpliterator.forEachRemaining(Streams.java:743) ~[na:1.8.0_272]
	at java.util.stream.Streams$ConcatSpliterator.forEachRemaining(Streams.java:742) ~[na:1.8.0_272]
	at java.util.stream.ReferencePipeline$Head.forEach(ReferencePipeline.java:647) ~[na:1.8.0_272]
	at org.junit.jupiter.engine.descriptor.ClassBasedTestDescriptor.invokeTestInstancePostProcessors(ClassBasedTestDescriptor.java:340) [junit-jupiter-engine-5.6.2.jar:5.6.2]
	at org.junit.jupiter.engine.descriptor.ClassBasedTestDescriptor.instantiateAndPostProcessTestInstance(ClassBasedTestDescriptor.java:263) [junit-jupiter-engine-5.6.2.jar:5.6.2]
	at org.junit.jupiter.engine.descriptor.ClassBasedTestDescriptor.lambda$testInstancesProvider$2(ClassBasedTestDescriptor.java:256) [junit-jupiter-engine-5.6.2.jar:5.6.2]
	at java.util.Optional.orElseGet(Optional.java:267) ~[na:1.8.0_272]
	at org.junit.jupiter.engine.descriptor.ClassBasedTestDescriptor.lambda$testInstancesProvider$3(ClassBasedTestDescriptor.java:255) [junit-jupiter-engine-5.6.2.jar:5.6.2]
	at org.junit.jupiter.engine.execution.TestInstancesProvider.getTestInstances(TestInstancesProvider.java:29) ~[junit-jupiter-engine-5.6.2.jar:5.6.2]
	at org.junit.jupiter.engine.descriptor.TestMethodTestDescriptor.lambda$prepare$0(TestMethodTestDescriptor.java:108) ~[junit-jupiter-engine-5.6.2.jar:5.6.2]
	at org.junit.platform.engine.support.hierarchical.ThrowableCollector.execute(ThrowableCollector.java:73) ~[junit-platform-engine-1.6.2.jar:1.6.2]
	at org.junit.jupiter.engine.descriptor.TestMethodTestDescriptor.prepare(TestMethodTestDescriptor.java:107) ~[junit-jupiter-engine-5.6.2.jar:5.6.2]
	at org.junit.jupiter.engine.descriptor.TestMethodTestDescriptor.prepare(TestMethodTestDescriptor.java:71) ~[junit-jupiter-engine-5.6.2.jar:5.6.2]
	at org.junit.platform.engine.support.hierarchical.NodeTestTask.lambda$prepare$1(NodeTestTask.java:107) ~[junit-platform-engine-1.6.2.jar:1.6.2]
	at org.junit.platform.engine.support.hierarchical.ThrowableCollector.execute(ThrowableCollector.java:73) ~[junit-platform-engine-1.6.2.jar:1.6.2]
	at org.junit.platform.engine.support.hierarchical.NodeTestTask.prepare(NodeTestTask.java:107) ~[junit-platform-engine-1.6.2.jar:1.6.2]
	at org.junit.platform.engine.support.hierarchical.NodeTestTask.execute(NodeTestTask.java:75) ~[junit-platform-engine-1.6.2.jar:1.6.2]
	at java.util.ArrayList.forEach(ArrayList.java:1259) ~[na:1.8.0_272]
	at org.junit.platform.engine.support.hierarchical.SameThreadHierarchicalTestExecutorService.invokeAll(SameThreadHierarchicalTestExecutorService.java:38) ~[junit-platform-engine-1.6.2.jar:1.6.2]
	at org.junit.platform.engine.support.hierarchical.NodeTestTask.lambda$executeRecursively$5(NodeTestTask.java:139) ~[junit-platform-engine-1.6.2.jar:1.6.2]
	at org.junit.platform.engine.support.hierarchical.ThrowableCollector.execute(ThrowableCollector.java:73) ~[junit-platform-engine-1.6.2.jar:1.6.2]
	at org.junit.platform.engine.support.hierarchical.NodeTestTask.lambda$executeRecursively$7(NodeTestTask.java:125) ~[junit-platform-engine-1.6.2.jar:1.6.2]
	at org.junit.platform.engine.support.hierarchical.Node.around(Node.java:135) ~[junit-platform-engine-1.6.2.jar:1.6.2]
	at org.junit.platform.engine.support.hierarchical.NodeTestTask.lambda$executeRecursively$8(NodeTestTask.java:123) ~[junit-platform-engine-1.6.2.jar:1.6.2]
	at org.junit.platform.engine.support.hierarchical.ThrowableCollector.execute(ThrowableCollector.java:73) ~[junit-platform-engine-1.6.2.jar:1.6.2]
	at org.junit.platform.engine.support.hierarchical.NodeTestTask.executeRecursively(NodeTestTask.java:122) ~[junit-platform-engine-1.6.2.jar:1.6.2]
	at org.junit.platform.engine.support.hierarchical.NodeTestTask.execute(NodeTestTask.java:80) ~[junit-platform-engine-1.6.2.jar:1.6.2]
	at java.util.ArrayList.forEach(ArrayList.java:1259) ~[na:1.8.0_272]
	at org.junit.platform.engine.support.hierarchical.SameThreadHierarchicalTestExecutorService.invokeAll(SameThreadHierarchicalTestExecutorService.java:38) ~[junit-platform-engine-1.6.2.jar:1.6.2]
	at org.junit.platform.engine.support.hierarchical.NodeTestTask.lambda$executeRecursively$5(NodeTestTask.java:139) ~[junit-platform-engine-1.6.2.jar:1.6.2]
	at org.junit.platform.engine.support.hierarchical.ThrowableCollector.execute(ThrowableCollector.java:73) ~[junit-platform-engine-1.6.2.jar:1.6.2]
	at org.junit.platform.engine.support.hierarchical.NodeTestTask.lambda$executeRecursively$7(NodeTestTask.java:125) ~[junit-platform-engine-1.6.2.jar:1.6.2]
	at org.junit.platform.engine.support.hierarchical.Node.around(Node.java:135) ~[junit-platform-engine-1.6.2.jar:1.6.2]
	at org.junit.platform.engine.support.hierarchical.NodeTestTask.lambda$executeRecursively$8(NodeTestTask.java:123) ~[junit-platform-engine-1.6.2.jar:1.6.2]
	at org.junit.platform.engine.support.hierarchical.ThrowableCollector.execute(ThrowableCollector.java:73) ~[junit-platform-engine-1.6.2.jar:1.6.2]
	at org.junit.platform.engine.support.hierarchical.NodeTestTask.executeRecursively(NodeTestTask.java:122) ~[junit-platform-engine-1.6.2.jar:1.6.2]
	at org.junit.platform.engine.support.hierarchical.NodeTestTask.execute(NodeTestTask.java:80) ~[junit-platform-engine-1.6.2.jar:1.6.2]
	at org.junit.platform.engine.support.hierarchical.SameThreadHierarchicalTestExecutorService.submit(SameThreadHierarchicalTestExecutorService.java:32) ~[junit-platform-engine-1.6.2.jar:1.6.2]
	at org.junit.platform.engine.support.hierarchical.HierarchicalTestExecutor.execute(HierarchicalTestExecutor.java:57) ~[junit-platform-engine-1.6.2.jar:1.6.2]
	at org.junit.platform.engine.support.hierarchical.HierarchicalTestEngine.execute(HierarchicalTestEngine.java:51) ~[junit-platform-engine-1.6.2.jar:1.6.2]
	at org.junit.platform.launcher.core.DefaultLauncher.execute(DefaultLauncher.java:248) ~[na:na]
	at org.junit.platform.launcher.core.DefaultLauncher.lambda$execute$5(DefaultLauncher.java:211) ~[na:na]
	at org.junit.platform.launcher.core.DefaultLauncher.withInterceptedStreams(DefaultLauncher.java:226) ~[na:na]
	at org.junit.platform.launcher.core.DefaultLauncher.execute(DefaultLauncher.java:199) ~[na:na]
	at org.junit.platform.launcher.core.DefaultLauncher.execute(DefaultLauncher.java:132) ~[na:na]
	at org.gradle.api.internal.tasks.testing.junitplatform.JUnitPlatformTestClassProcessor$CollectAllTestClassesExecutor.processAllTestClasses(JUnitPlatformTestClassProcessor.java:99) ~[na:na]
	at org.gradle.api.internal.tasks.testing.junitplatform.JUnitPlatformTestClassProcessor$CollectAllTestClassesExecutor.access$000(JUnitPlatformTestClassProcessor.java:79) ~[na:na]
	at org.gradle.api.internal.tasks.testing.junitplatform.JUnitPlatformTestClassProcessor.stop(JUnitPlatformTestClassProcessor.java:75) ~[na:na]
	at org.gradle.api.internal.tasks.testing.SuiteTestClassProcessor.stop(SuiteTestClassProcessor.java:61) ~[na:na]
	at sun.reflect.NativeMethodAccessorImpl.invoke0(Native Method) ~[na:1.8.0_272]
	at sun.reflect.NativeMethodAccessorImpl.invoke(NativeMethodAccessorImpl.java:62) ~[na:1.8.0_272]
	at sun.reflect.DelegatingMethodAccessorImpl.invoke(DelegatingMethodAccessorImpl.java:43) ~[na:1.8.0_272]
	at java.lang.reflect.Method.invoke(Method.java:498) ~[na:1.8.0_272]
	at org.gradle.internal.dispatch.ReflectionDispatch.dispatch(ReflectionDispatch.java:36) ~[na:na]
	at org.gradle.internal.dispatch.ReflectionDispatch.dispatch(ReflectionDispatch.java:24) ~[na:na]
	at org.gradle.internal.dispatch.ContextClassLoaderDispatch.dispatch(ContextClassLoaderDispatch.java:33) ~[na:na]
	at org.gradle.internal.dispatch.ProxyDispatchAdapter$DispatchingInvocationHandler.invoke(ProxyDispatchAdapter.java:94) ~[na:na]
	at com.sun.proxy.$Proxy2.stop(Unknown Source) ~[na:na]
	at org.gradle.api.internal.tasks.testing.worker.TestWorker.stop(TestWorker.java:133) ~[na:na]
	at sun.reflect.NativeMethodAccessorImpl.invoke0(Native Method) ~[na:1.8.0_272]
	at sun.reflect.NativeMethodAccessorImpl.invoke(NativeMethodAccessorImpl.java:62) ~[na:1.8.0_272]
	at sun.reflect.DelegatingMethodAccessorImpl.invoke(DelegatingMethodAccessorImpl.java:43) ~[na:1.8.0_272]
	at java.lang.reflect.Method.invoke(Method.java:498) ~[na:1.8.0_272]
	at org.gradle.internal.dispatch.ReflectionDispatch.dispatch(ReflectionDispatch.java:36) ~[na:na]
	at org.gradle.internal.dispatch.ReflectionDispatch.dispatch(ReflectionDispatch.java:24) ~[na:na]
	at org.gradle.internal.remote.internal.hub.MessageHubBackedObjectConnection$DispatchWrapper.dispatch(MessageHubBackedObjectConnection.java:182) ~[na:na]
	at org.gradle.internal.remote.internal.hub.MessageHubBackedObjectConnection$DispatchWrapper.dispatch(MessageHubBackedObjectConnection.java:164) ~[na:na]
	at org.gradle.internal.remote.internal.hub.MessageHub$Handler.run(MessageHub.java:414) ~[na:na]
	at org.gradle.internal.concurrent.ExecutorPolicy$CatchAndRecordFailures.onExecute(ExecutorPolicy.java:64) ~[na:na]
	at org.gradle.internal.concurrent.ManagedExecutorImpl$1.run(ManagedExecutorImpl.java:48) ~[na:na]
	at java.util.concurrent.ThreadPoolExecutor.runWorker(ThreadPoolExecutor.java:1149) ~[na:1.8.0_272]
	at java.util.concurrent.ThreadPoolExecutor$Worker.run(ThreadPoolExecutor.java:624) ~[na:1.8.0_272]
	at org.gradle.internal.concurrent.ThreadFactoryImpl$ManagedThreadRunnable.run(ThreadFactoryImpl.java:56) ~[na:na]
	at java.lang.Thread.run(Thread.java:748) ~[na:1.8.0_272]
Caused by: java.util.concurrent.TimeoutException: null
	at org.apache.kafka.common.internals.KafkaFutureImpl$SingleWaiter.await(KafkaFutureImpl.java:108) ~[kafka-clients-2.5.1.jar:na]
	at org.apache.kafka.common.internals.KafkaFutureImpl.get(KafkaFutureImpl.java:272) ~[kafka-clients-2.5.1.jar:na]
	at org.springframework.kafka.core.KafkaAdmin.lambda$checkPartitions$4(KafkaAdmin.java:236) [spring-kafka-2.6.2.jar:2.6.2]
	... 103 common frames omitted

2020-11-26 10:20:00.136  WARN 11828 --- [| adminclient-5] org.apache.kafka.clients.NetworkClient   : [AdminClient clientId=adminclient-5] Connection to node -1 (MSI/192.168.1.17:9092) could not be established. Broker may not be available.
2020-11-26 10:20:00.276  WARN 11828 --- [ntainer#0-0-C-1] org.apache.kafka.clients.NetworkClient   : [Consumer clientId=consumer-group-id-2, groupId=group-id] Connection to node -1 (MSI/192.168.1.17:9092) could not be established. Broker may not be available.
2020-11-26 10:20:00.277  WARN 11828 --- [ntainer#0-0-C-1] org.apache.kafka.clients.NetworkClient   : [Consumer clientId=consumer-group-id-2, groupId=group-id] Bootstrap broker MSI:9092 (id: -1 rack: null) disconnected
2020-11-26 10:20:01.331  WARN 11828 --- [ntainer#0-0-C-1] org.apache.kafka.clients.NetworkClient   : [Consumer clientId=consumer-group-id-1, groupId=group-id] Connection to node -1 (MSI/192.168.1.17:9092) could not be established. Broker may not be available.
2020-11-26 10:20:01.332  WARN 11828 --- [ntainer#0-0-C-1] org.apache.kafka.clients.NetworkClient   : [Consumer clientId=consumer-group-id-1, groupId=group-id] Bootstrap broker MSI:9092 (id: -1 rack: null) disconnected
2020-11-26 10:20:02.154  WARN 11828 --- [ntainer#0-0-C-1] org.apache.kafka.clients.NetworkClient   : [Consumer clientId=consumer-group-id-3, groupId=group-id] Connection to node -1 (MSI/192.168.1.17:9092) could not be established. Broker may not be available.
2020-11-26 10:20:02.155  WARN 11828 --- [ntainer#0-0-C-1] org.apache.kafka.clients.NetworkClient   : [Consumer clientId=consumer-group-id-3, groupId=group-id] Bootstrap broker MSI:9092 (id: -1 rack: null) disconnected
2020-11-26 10:20:02.852  WARN 11828 --- [ntainer#0-0-C-1] org.apache.kafka.clients.NetworkClient   : [Consumer clientId=consumer-group-id-4, groupId=group-id] Connection to node -1 (MSI/192.168.1.17:9092) could not be established. Broker may not be available.
2020-11-26 10:20:02.852  WARN 11828 --- [ntainer#0-0-C-1] org.apache.kafka.clients.NetworkClient   : [Consumer clientId=consumer-group-id-4, groupId=group-id] Bootstrap broker MSI:9092 (id: -1 rack: null) disconnected
2020-11-26 10:20:03.271  WARN 11828 --- [| adminclient-5] org.apache.kafka.clients.NetworkClient   : [AdminClient clientId=adminclient-5] Connection to node -1 (MSI/192.168.1.17:9092) could not be established. Broker may not be available.
2020-11-26 10:20:03.552  WARN 11828 --- [ntainer#0-0-C-1] org.apache.kafka.clients.NetworkClient   : [Consumer clientId=consumer-group-id-2, groupId=group-id] Connection to node -1 (MSI/192.168.1.17:9092) could not be established. Broker may not be available.
2020-11-26 10:20:03.553  WARN 11828 --- [ntainer#0-0-C-1] org.apache.kafka.clients.NetworkClient   : [Consumer clientId=consumer-group-id-2, groupId=group-id] Bootstrap broker MSI:9092 (id: -1 rack: null) disconnected
2020-11-26 10:20:04.539  WARN 11828 --- [ntainer#0-0-C-1] org.apache.kafka.clients.NetworkClient   : [Consumer clientId=consumer-group-id-1, groupId=group-id] Connection to node -1 (MSI/192.168.1.17:9092) could not be established. Broker may not be available.
2020-11-26 10:20:04.540  WARN 11828 --- [ntainer#0-0-C-1] org.apache.kafka.clients.NetworkClient   : [Consumer clientId=consumer-group-id-1, groupId=group-id] Bootstrap broker MSI:9092 (id: -1 rack: null) disconnected
2020-11-26 10:20:05.174  WARN 11828 --- [ntainer#0-0-C-1] org.apache.kafka.clients.NetworkClient   : [Consumer clientId=consumer-group-id-3, groupId=group-id] Connection to node -1 (MSI/192.168.1.17:9092) could not be established. Broker may not be available.
2020-11-26 10:20:05.174  WARN 11828 --- [ntainer#0-0-C-1] org.apache.kafka.clients.NetworkClient   : [Consumer clientId=consumer-group-id-3, groupId=group-id] Bootstrap broker MSI:9092 (id: -1 rack: null) disconnected
2020-11-26 10:20:06.075  WARN 11828 --- [ntainer#0-0-C-1] org.apache.kafka.clients.NetworkClient   : [Consumer clientId=consumer-group-id-4, groupId=group-id] Connection to node -1 (MSI/192.168.1.17:9092) could not be established. Broker may not be available.
2020-11-26 10:20:06.075  WARN 11828 --- [ntainer#0-0-C-1] org.apache.kafka.clients.NetworkClient   : [Consumer clientId=consumer-group-id-4, groupId=group-id] Bootstrap broker MSI:9092 (id: -1 rack: null) disconnected
2020-11-26 10:20:06.420  WARN 11828 --- [| adminclient-5] org.apache.kafka.clients.NetworkClient   : [AdminClient clientId=adminclient-5] Connection to node -1 (MSI/192.168.1.17:9092) could not be established. Broker may not be available.
2020-11-26 10:20:06.546  WARN 11828 --- [ntainer#0-0-C-1] org.apache.kafka.clients.NetworkClient   : [Consumer clientId=consumer-group-id-2, groupId=group-id] Connection to node -1 (MSI/192.168.1.17:9092) could not be established. Broker may not be available.
2020-11-26 10:20:06.546  WARN 11828 --- [ntainer#0-0-C-1] org.apache.kafka.clients.NetworkClient   : [Consumer clientId=consumer-group-id-2, groupId=group-id] Bootstrap broker MSI:9092 (id: -1 rack: null) disconnected
2020-11-26 10:20:07.448  WARN 11828 --- [ntainer#0-0-C-1] org.apache.kafka.clients.NetworkClient   : [Consumer clientId=consumer-group-id-1, groupId=group-id] Connection to node -1 (MSI/192.168.1.17:9092) could not be established. Broker may not be available.
2020-11-26 10:20:07.448  WARN 11828 --- [ntainer#0-0-C-1] org.apache.kafka.clients.NetworkClient   : [Consumer clientId=consumer-group-id-1, groupId=group-id] Bootstrap broker MSI:9092 (id: -1 rack: null) disconnected
2020-11-26 10:20:08.335  WARN 11828 --- [ntainer#0-0-C-1] org.apache.kafka.clients.NetworkClient   : [Consumer clientId=consumer-group-id-3, groupId=group-id] Connection to node -1 (MSI/192.168.1.17:9092) could not be established. Broker may not be available.
2020-11-26 10:20:08.336  WARN 11828 --- [ntainer#0-0-C-1] org.apache.kafka.clients.NetworkClient   : [Consumer clientId=consumer-group-id-3, groupId=group-id] Bootstrap broker MSI:9092 (id: -1 rack: null) disconnected
2020-11-26 10:20:09.112  WARN 11828 --- [ntainer#0-0-C-1] org.apache.kafka.clients.NetworkClient   : [Consumer clientId=consumer-group-id-4, groupId=group-id] Connection to node -1 (MSI/192.168.1.17:9092) could not be established. Broker may not be available.
2020-11-26 10:20:09.113  WARN 11828 --- [ntainer#0-0-C-1] org.apache.kafka.clients.NetworkClient   : [Consumer clientId=consumer-group-id-4, groupId=group-id] Bootstrap broker MSI:9092 (id: -1 rack: null) disconnected
2020-11-26 10:20:09.439  WARN 11828 --- [ntainer#0-0-C-1] org.apache.kafka.clients.NetworkClient   : [Consumer clientId=consumer-group-id-2, groupId=group-id] Connection to node -1 (MSI/192.168.1.17:9092) could not be established. Broker may not be available.
2020-11-26 10:20:09.440  WARN 11828 --- [ntainer#0-0-C-1] org.apache.kafka.clients.NetworkClient   : [Consumer clientId=consumer-group-id-2, groupId=group-id] Bootstrap broker MSI:9092 (id: -1 rack: null) disconnected
2020-11-26 10:20:09.563  WARN 11828 --- [| adminclient-5] org.apache.kafka.clients.NetworkClient   : [AdminClient clientId=adminclient-5] Connection to node -1 (MSI/192.168.1.17:9092) could not be established. Broker may not be available.
2020-11-26 10:20:10.109  INFO 11828 --- [| adminclient-5] o.a.k.clients.admin.KafkaAdminClient     : [AdminClient clientId=adminclient-5] Forcing a hard I/O thread shutdown. Requests in progress will be aborted.
2020-11-26 10:20:10.109  INFO 11828 --- [| adminclient-5] o.a.k.c.a.i.AdminMetadataManager         : [AdminClient clientId=adminclient-5] Metadata update failed

org.apache.kafka.common.errors.TimeoutException: Call(callName=fetchMetadata, deadlineMs=1606382430089) timed out at 9223372036854775807 after 1 attempt(s)
Caused by: org.apache.kafka.common.errors.TimeoutException: The AdminClient thread has exited.

2020-11-26 10:20:10.110  INFO 11828 --- [    Test worker] o.a.k.clients.consumer.ConsumerConfig    : ConsumerConfig values: 
	allow.auto.create.topics = true
	auto.commit.interval.ms = 5000
	auto.offset.reset = latest
	bootstrap.servers = [MSI:9092]
	check.crcs = true
	client.dns.lookup = default
	client.id = 
	client.rack = 
	connections.max.idle.ms = 540000
	default.api.timeout.ms = 60000
	enable.auto.commit = false
	exclude.internal.topics = true
	fetch.max.bytes = 52428800
	fetch.max.wait.ms = 500
	fetch.min.bytes = 1
	group.id = group-id
	group.instance.id = null
	heartbeat.interval.ms = 3000
	interceptor.classes = []
	internal.leave.group.on.close = true
	isolation.level = read_uncommitted
	key.deserializer = class org.apache.kafka.common.serialization.StringDeserializer
	max.partition.fetch.bytes = 1048576
	max.poll.interval.ms = 300000
	max.poll.records = 500
	metadata.max.age.ms = 300000
	metric.reporters = []
	metrics.num.samples = 2
	metrics.recording.level = INFO
	metrics.sample.window.ms = 30000
	partition.assignment.strategy = [class org.apache.kafka.clients.consumer.RangeAssignor]
	receive.buffer.bytes = 65536
	reconnect.backoff.max.ms = 1000
	reconnect.backoff.ms = 50
	request.timeout.ms = 30000
	retry.backoff.ms = 100
	sasl.client.callback.handler.class = null
	sasl.jaas.config = null
	sasl.kerberos.kinit.cmd = /usr/bin/kinit
	sasl.kerberos.min.time.before.relogin = 60000
	sasl.kerberos.service.name = null
	sasl.kerberos.ticket.renew.jitter = 0.05
	sasl.kerberos.ticket.renew.window.factor = 0.8
	sasl.login.callback.handler.class = null
	sasl.login.class = null
	sasl.login.refresh.buffer.seconds = 300
	sasl.login.refresh.min.period.seconds = 60
	sasl.login.refresh.window.factor = 0.8
	sasl.login.refresh.window.jitter = 0.05
	sasl.mechanism = GSSAPI
	security.protocol = PLAINTEXT
	security.providers = null
	send.buffer.bytes = 131072
	session.timeout.ms = 10000
	ssl.cipher.suites = null
	ssl.enabled.protocols = [TLSv1.2]
	ssl.endpoint.identification.algorithm = https
	ssl.key.password = null
	ssl.keymanager.algorithm = SunX509
	ssl.keystore.location = null
	ssl.keystore.password = null
	ssl.keystore.type = JKS
	ssl.protocol = TLSv1.2
	ssl.provider = null
	ssl.secure.random.implementation = null
	ssl.trustmanager.algorithm = PKIX
	ssl.truststore.location = null
	ssl.truststore.password = null
	ssl.truststore.type = JKS
	value.deserializer = class org.springframework.kafka.support.serializer.JsonDeserializer

2020-11-26 10:20:10.114  WARN 11828 --- [    Test worker] o.a.k.clients.consumer.ConsumerConfig    : The configuration 'spring.json.trusted.packages' was supplied but isn't a known config.
2020-11-26 10:20:10.114  INFO 11828 --- [    Test worker] o.a.kafka.common.utils.AppInfoParser     : Kafka version: 2.5.1
2020-11-26 10:20:10.114  INFO 11828 --- [    Test worker] o.a.kafka.common.utils.AppInfoParser     : Kafka commitId: 0efa8fb0f4c73d92
2020-11-26 10:20:10.114  INFO 11828 --- [    Test worker] o.a.kafka.common.utils.AppInfoParser     : Kafka startTimeMs: 1606382410114
2020-11-26 10:20:10.114  INFO 11828 --- [    Test worker] o.a.k.clients.consumer.KafkaConsumer     : [Consumer clientId=consumer-group-id-5, groupId=group-id] Subscribed to topic(s): usersLocalisations
2020-11-26 10:20:10.114  INFO 11828 --- [    Test worker] o.s.s.c.ThreadPoolTaskScheduler          : Initializing ExecutorService
2020-11-26 10:20:10.115  INFO 11828 --- [    Test worker] DeferredRepositoryInitializationListener : Triggering deferred initialization of Spring Data repositories…
2020-11-26 10:20:10.188  INFO 11828 --- [    Test worker] DeferredRepositoryInitializationListener : Spring Data repositories initialized!
2020-11-26 10:20:10.189  INFO 11828 --- [    Test worker] c.e.projetIWA.User.UserIntegrationTest   : Started UserIntegrationTest in 41.127 seconds (JVM running for 214.591)
]]></system-out>
  <system-err><![CDATA[]]></system-err>
</testsuite>
